SF:lib/features/home/data/models/weather.dart
DA:2,0
DA:6,1
DA:7,2
DA:8,4
DA:12,0
DA:14,0
DA:15,0
DA:17,1
DA:18,1
DA:19,2
DA:20,1
DA:21,3
DA:29,0
DA:40,1
DA:41,2
DA:42,2
DA:43,1
DA:44,2
DA:45,3
DA:46,3
DA:49,4
DA:50,2
DA:51,4
DA:52,4
DA:53,4
DA:54,4
DA:65,0
DA:74,0
DA:75,0
DA:76,0
DA:77,0
DA:78,0
DA:79,0
DA:80,0
DA:81,0
DA:82,0
DA:84,1
DA:85,1
DA:86,2
DA:87,2
DA:88,1
DA:89,6
DA:91,1
DA:92,3
DA:94,2
DA:95,1
DA:96,3
DA:98,1
DA:99,3
DA:101,1
DA:102,3
DA:104,1
DA:105,3
DA:113,0
DA:116,1
DA:117,2
DA:120,0
DA:121,0
DA:123,1
DA:124,1
DA:125,2
DA:132,0
DA:135,1
DA:136,4
DA:139,0
DA:140,0
DA:142,1
DA:143,1
DA:144,1
DA:145,3
DA:153,0
DA:159,1
DA:160,1
DA:161,2
DA:162,3
DA:163,3
DA:166,1
DA:167,2
DA:168,3
DA:169,3
DA:172,1
DA:173,2
DA:174,3
DA:175,3
DA:178,1
DA:179,2
DA:180,3
DA:181,3
DA:189,0
DA:193,0
DA:194,0
DA:195,0
DA:196,0
DA:198,1
DA:199,1
DA:200,1
DA:201,6
DA:203,1
DA:204,6
DA:206,1
DA:207,6
DA:209,1
DA:210,6
DA:218,0
DA:224,1
DA:225,2
DA:226,2
DA:227,2
DA:228,2
DA:234,0
DA:238,0
DA:239,0
DA:240,0
DA:241,0
DA:243,1
DA:244,1
DA:245,2
DA:246,2
DA:247,2
DA:248,2
DA:255,0
DA:261,1
DA:262,2
DA:263,2
DA:264,2
DA:265,2
DA:271,0
DA:275,0
DA:276,0
DA:277,0
DA:278,0
DA:280,1
DA:281,1
DA:282,2
DA:283,2
DA:284,2
DA:285,2
DA:292,0
DA:298,1
DA:299,2
DA:300,2
DA:301,2
DA:302,2
DA:308,0
DA:312,0
DA:313,0
DA:314,0
DA:315,0
DA:317,1
DA:318,1
DA:319,2
DA:320,2
DA:321,2
DA:322,2
DA:329,0
DA:335,1
DA:336,2
DA:337,2
DA:338,2
DA:339,2
DA:345,0
DA:349,0
DA:350,0
DA:351,0
DA:352,0
DA:354,1
DA:355,1
DA:356,2
DA:357,2
DA:358,2
DA:359,2
DA:366,0
DA:372,1
DA:373,2
DA:374,2
DA:375,2
DA:376,2
DA:382,0
DA:386,0
DA:387,0
DA:388,0
DA:389,0
DA:391,1
DA:392,1
DA:393,2
DA:394,2
DA:395,2
DA:396,2
DA:403,0
DA:415,1
DA:416,4
DA:417,4
DA:418,4
DA:419,4
DA:420,4
DA:421,4
DA:422,4
DA:423,4
DA:424,4
DA:425,4
DA:437,0
DA:447,0
DA:448,0
DA:449,0
DA:450,0
DA:451,0
DA:452,0
DA:453,0
DA:454,0
DA:455,0
DA:456,0
DA:458,1
DA:459,1
DA:460,1
DA:461,3
DA:463,1
DA:464,3
DA:466,1
DA:467,3
DA:469,1
DA:470,3
DA:472,1
DA:473,3
DA:475,1
DA:476,3
DA:478,1
DA:479,3
DA:481,1
DA:482,3
DA:484,1
DA:485,3
DA:487,1
DA:488,3
DA:496,0
DA:499,1
DA:500,2
DA:503,0
DA:504,0
DA:506,1
DA:507,1
DA:508,2
DA:515,0
DA:518,1
DA:519,2
DA:522,0
DA:523,0
DA:525,1
DA:526,1
DA:527,2
DA:534,0
DA:537,1
DA:538,2
DA:541,0
DA:542,0
DA:544,1
DA:545,1
DA:546,2
DA:553,0
DA:556,1
DA:557,2
DA:560,0
DA:561,0
DA:563,1
DA:564,1
DA:565,2
DA:572,0
DA:575,1
DA:576,2
DA:579,0
DA:580,0
DA:582,1
DA:583,1
DA:584,2
DA:591,0
DA:594,1
DA:595,2
DA:598,0
DA:599,0
DA:601,1
DA:602,1
DA:603,2
DA:610,0
DA:613,1
DA:614,2
DA:617,0
DA:618,0
DA:620,1
DA:621,1
DA:622,2
DA:629,0
DA:635,1
DA:636,4
DA:637,2
DA:638,2
DA:639,2
DA:645,0
DA:649,0
DA:650,0
DA:651,0
DA:652,0
DA:654,1
DA:655,1
DA:656,2
DA:657,2
DA:658,2
DA:659,2
DA:666,0
DA:671,1
DA:672,2
DA:673,2
DA:674,2
DA:679,0
DA:682,0
DA:683,0
DA:684,0
DA:686,1
DA:687,1
DA:688,2
DA:689,2
DA:690,2
LF:320
LH:219
end_of_record
SF:lib/features/home/data/models/weatherByCity.dart
DA:2,0
DA:6,1
DA:7,2
DA:8,1
DA:9,2
DA:10,3
DA:11,3
DA:18,0
DA:20,0
DA:21,0
DA:23,1
DA:24,1
DA:25,2
DA:26,1
DA:27,6
DA:35,0
DA:41,1
DA:42,2
DA:43,2
DA:44,4
DA:45,4
DA:51,0
DA:55,0
DA:56,0
DA:57,0
DA:58,0
DA:60,1
DA:61,1
DA:62,2
DA:63,2
DA:64,1
DA:65,3
DA:67,1
DA:68,3
DA:76,0
DA:82,1
DA:83,2
DA:84,4
DA:85,2
DA:86,2
DA:92,0
DA:96,0
DA:97,0
DA:98,0
DA:99,0
DA:101,1
DA:102,1
DA:103,2
DA:104,2
DA:105,2
DA:106,2
DA:113,0
DA:118,1
DA:119,2
DA:120,2
DA:121,2
DA:126,0
DA:129,0
DA:130,0
DA:131,0
DA:133,1
DA:134,1
DA:135,2
DA:136,2
DA:137,2
LF:65
LH:44
end_of_record
SF:lib/features/home/data/repositories/weather_repository.dart
DA:12,1
DA:14,2
DA:16,1
DA:18,0
DA:22,1
DA:24,3
DA:25,1
LF:7
LH:6
end_of_record
